[debug] [2020-07-24T10:40:13.196Z] ----------------------------------------------------------------------
[debug] [2020-07-24T10:40:13.212Z] Command:       D:\Node JS\node.exe C:\Users\muneeba\AppData\Roaming\npm\node_modules\firebase-tools\lib\bin\firebase.js deploy
[debug] [2020-07-24T10:40:13.214Z] CLI Version:   8.5.0
[debug] [2020-07-24T10:40:13.214Z] Platform:      win32
[debug] [2020-07-24T10:40:13.214Z] Node Version:  v12.16.2
[debug] [2020-07-24T10:40:13.475Z] Time:          Fri Jul 24 2020 15:40:13 GMT+0500 (Pakistan Standard Time)
[debug] [2020-07-24T10:40:13.476Z] ----------------------------------------------------------------------
[debug] [2020-07-24T10:40:13.476Z] 
[debug] [2020-07-24T10:40:13.783Z] > command requires scopes: ["email","openid","https://www.googleapis.com/auth/cloudplatformprojects.readonly","https://www.googleapis.com/auth/firebase","https://www.googleapis.com/auth/cloud-platform"]
[debug] [2020-07-24T10:40:13.785Z] > authorizing via signed-in user
[debug] [2020-07-24T10:40:13.786Z] [iam] checking project to-do-js-application for permissions ["firebase.projects.get","firebasehosting.sites.update"]
[debug] [2020-07-24T10:40:13.849Z] > refreshing access token with scopes: ["email","https://www.googleapis.com/auth/cloud-platform","https://www.googleapis.com/auth/cloudplatformprojects.readonly","https://www.googleapis.com/auth/firebase","openid"]
[debug] [2020-07-24T10:40:13.850Z] >>> HTTP REQUEST POST https://www.googleapis.com/oauth2/v3/token  
 <request body omitted>
[debug] [2020-07-24T10:40:16.685Z] <<< HTTP RESPONSE 200 {"content-type":"application/json; charset=utf-8","vary":"X-Origin, Referer, Origin,Accept-Encoding","date":"Fri, 24 Jul 2020 10:40:14 GMT","server":"scaffolding on HTTPServer2","cache-control":"private","x-xss-protection":"0","x-frame-options":"SAMEORIGIN","x-content-type-options":"nosniff","alt-svc":"h3-29=\":443\"; ma=2592000,h3-27=\":443\"; ma=2592000,h3-T050=\":443\"; ma=2592000,h3-Q050=\":443\"; ma=2592000,h3-Q046=\":443\"; ma=2592000,h3-Q043=\":443\"; ma=2592000,quic=\":443\"; ma=2592000; v=\"46,43\"","accept-ranges":"none","transfer-encoding":"chunked"}
[debug] [2020-07-24T10:40:16.769Z] >>> HTTP REQUEST POST https://cloudresourcemanager.googleapis.com/v1/projects/to-do-js-application:testIamPermissions  
 {"permissions":["firebase.projects.get","firebasehosting.sites.update"]}
[debug] [2020-07-24T10:40:18.620Z] <<< HTTP RESPONSE 200 {"content-type":"application/json; charset=UTF-8","vary":"X-Origin, Referer, Origin,Accept-Encoding","date":"Fri, 24 Jul 2020 10:40:16 GMT","server":"ESF","cache-control":"private","x-xss-protection":"0","x-frame-options":"SAMEORIGIN","x-content-type-options":"nosniff","server-timing":"gfet4t7; dur=1271","alt-svc":"h3-29=\":443\"; ma=2592000,h3-27=\":443\"; ma=2592000,h3-T050=\":443\"; ma=2592000,h3-Q050=\":443\"; ma=2592000,h3-Q046=\":443\"; ma=2592000,h3-Q043=\":443\"; ma=2592000,quic=\":443\"; ma=2592000; v=\"46,43\"","accept-ranges":"none","transfer-encoding":"chunked"}
[debug] [2020-07-24T10:40:18.624Z] >>> HTTP REQUEST GET https://firebase.googleapis.com/v1beta1/projects/to-do-js-application  
 
[debug] [2020-07-24T10:40:19.480Z] <<< HTTP RESPONSE 200 {"content-type":"application/json; charset=UTF-8","vary":"X-Origin, Referer, Origin,Accept-Encoding","date":"Fri, 24 Jul 2020 10:40:16 GMT","server":"ESF","cache-control":"private","x-xss-protection":"0","x-frame-options":"SAMEORIGIN","x-content-type-options":"nosniff","alt-svc":"h3-29=\":443\"; ma=2592000,h3-27=\":443\"; ma=2592000,h3-25=\":443\"; ma=2592000,h3-T050=\":443\"; ma=2592000,h3-Q050=\":443\"; ma=2592000,h3-Q046=\":443\"; ma=2592000,h3-Q043=\":443\"; ma=2592000,quic=\":443\"; ma=2592000; v=\"46,43\"","accept-ranges":"none","transfer-encoding":"chunked"}
